2025-10-28T19:45:55: Error: listen EADDRINUSE: address already in use :::8080
2025-10-28T19:45:55:     at Server.setupListenHandle [as _listen2] (node:net:1940:16)
2025-10-28T19:45:55:     at listenInCluster (node:net:1997:12)
2025-10-28T19:45:55:     at Server.listen (node:net:2102:7)
2025-10-28T19:45:55:     at Function.listen (C:\Users\ikett\Kouluprojekti\fhir-api-backend\node_modules\express\lib\application.js:635:24)
2025-10-28T19:45:55:     at Object.<anonymous> (C:\Users\ikett\Kouluprojekti\fhir-api-backend\src\server.js:67:5)
2025-10-28T19:45:55:     at Module._compile (node:internal/modules/cjs/loader:1706:14)
2025-10-28T19:45:55:     at Object..js (node:internal/modules/cjs/loader:1839:10)
2025-10-28T19:45:55:     at Module.load (node:internal/modules/cjs/loader:1441:32)
2025-10-28T19:45:55:     at Function._load (node:internal/modules/cjs/loader:1263:12)
2025-10-28T19:45:55:     at Object.<anonymous> (C:\Users\ikett\AppData\Roaming\npm\node_modules\pm2\lib\ProcessContainerFork.js:33:23) {
2025-10-28T19:45:55:   code: 'EADDRINUSE',
2025-10-28T19:45:55:   errno: -4091,
2025-10-28T19:45:55:   syscall: 'listen',
2025-10-28T19:45:55:   address: '::',
2025-10-28T19:45:55:   port: 8080
2025-10-28T19:45:55: }
2025-10-28T19:45:56: Error: listen EADDRINUSE: address already in use :::8080
2025-10-28T19:45:56:     at Server.setupListenHandle [as _listen2] (node:net:1940:16)
2025-10-28T19:45:56:     at listenInCluster (node:net:1997:12)
2025-10-28T19:45:56:     at Server.listen (node:net:2102:7)
2025-10-28T19:45:56:     at Function.listen (C:\Users\ikett\Kouluprojekti\fhir-api-backend\node_modules\express\lib\application.js:635:24)
2025-10-28T19:45:56:     at Object.<anonymous> (C:\Users\ikett\Kouluprojekti\fhir-api-backend\src\server.js:67:5)
2025-10-28T19:45:56:     at Module._compile (node:internal/modules/cjs/loader:1706:14)
2025-10-28T19:45:56:     at Object..js (node:internal/modules/cjs/loader:1839:10)
2025-10-28T19:45:56:     at Module.load (node:internal/modules/cjs/loader:1441:32)
2025-10-28T19:45:56:     at Function._load (node:internal/modules/cjs/loader:1263:12)
2025-10-28T19:45:56:     at Object.<anonymous> (C:\Users\ikett\AppData\Roaming\npm\node_modules\pm2\lib\ProcessContainerFork.js:33:23) {
2025-10-28T19:45:56:   code: 'EADDRINUSE',
2025-10-28T19:45:56:   errno: -4091,
2025-10-28T19:45:56:   syscall: 'listen',
2025-10-28T19:45:56:   address: '::',
2025-10-28T19:45:56:   port: 8080
2025-10-28T19:45:56: }
2025-10-28T19:45:57: Error: listen EADDRINUSE: address already in use :::8080
2025-10-28T19:45:57:     at Server.setupListenHandle [as _listen2] (node:net:1940:16)
2025-10-28T19:45:57:     at listenInCluster (node:net:1997:12)
2025-10-28T19:45:57:     at Server.listen (node:net:2102:7)
2025-10-28T19:45:57:     at Function.listen (C:\Users\ikett\Kouluprojekti\fhir-api-backend\node_modules\express\lib\application.js:635:24)
2025-10-28T19:45:57:     at Object.<anonymous> (C:\Users\ikett\Kouluprojekti\fhir-api-backend\src\server.js:67:5)
2025-10-28T19:45:57:     at Module._compile (node:internal/modules/cjs/loader:1706:14)
2025-10-28T19:45:57:     at Object..js (node:internal/modules/cjs/loader:1839:10)
2025-10-28T19:45:57:     at Module.load (node:internal/modules/cjs/loader:1441:32)
2025-10-28T19:45:57:     at Function._load (node:internal/modules/cjs/loader:1263:12)
2025-10-28T19:45:57:     at Object.<anonymous> (C:\Users\ikett\AppData\Roaming\npm\node_modules\pm2\lib\ProcessContainerFork.js:33:23) {
2025-10-28T19:45:57:   code: 'EADDRINUSE',
2025-10-28T19:45:57:   errno: -4091,
2025-10-28T19:45:57:   syscall: 'listen',
2025-10-28T19:45:57:   address: '::',
2025-10-28T19:45:57:   port: 8080
2025-10-28T19:45:57: }
2025-10-28T19:45:58: Error: listen EADDRINUSE: address already in use :::8080
2025-10-28T19:45:58:     at Server.setupListenHandle [as _listen2] (node:net:1940:16)
2025-10-28T19:45:58:     at listenInCluster (node:net:1997:12)
2025-10-28T19:45:58:     at Server.listen (node:net:2102:7)
2025-10-28T19:45:58:     at Function.listen (C:\Users\ikett\Kouluprojekti\fhir-api-backend\node_modules\express\lib\application.js:635:24)
2025-10-28T19:45:58:     at Object.<anonymous> (C:\Users\ikett\Kouluprojekti\fhir-api-backend\src\server.js:67:5)
2025-10-28T19:45:58:     at Module._compile (node:internal/modules/cjs/loader:1706:14)
2025-10-28T19:45:58:     at Object..js (node:internal/modules/cjs/loader:1839:10)
2025-10-28T19:45:58:     at Module.load (node:internal/modules/cjs/loader:1441:32)
2025-10-28T19:45:58:     at Function._load (node:internal/modules/cjs/loader:1263:12)
2025-10-28T19:45:58:     at Object.<anonymous> (C:\Users\ikett\AppData\Roaming\npm\node_modules\pm2\lib\ProcessContainerFork.js:33:23) {
2025-10-28T19:45:58:   code: 'EADDRINUSE',
2025-10-28T19:45:58:   errno: -4091,
2025-10-28T19:45:58:   syscall: 'listen',
2025-10-28T19:45:58:   address: '::',
2025-10-28T19:45:58:   port: 8080
2025-10-28T19:45:58: }
2025-10-28T19:45:58: Error: listen EADDRINUSE: address already in use :::8080
2025-10-28T19:45:58:     at Server.setupListenHandle [as _listen2] (node:net:1940:16)
2025-10-28T19:45:58:     at listenInCluster (node:net:1997:12)
2025-10-28T19:45:58:     at Server.listen (node:net:2102:7)
2025-10-28T19:45:58:     at Function.listen (C:\Users\ikett\Kouluprojekti\fhir-api-backend\node_modules\express\lib\application.js:635:24)
2025-10-28T19:45:58:     at Object.<anonymous> (C:\Users\ikett\Kouluprojekti\fhir-api-backend\src\server.js:67:5)
2025-10-28T19:45:58:     at Module._compile (node:internal/modules/cjs/loader:1706:14)
2025-10-28T19:45:58:     at Object..js (node:internal/modules/cjs/loader:1839:10)
2025-10-28T19:45:58:     at Module.load (node:internal/modules/cjs/loader:1441:32)
2025-10-28T19:45:58:     at Function._load (node:internal/modules/cjs/loader:1263:12)
2025-10-28T19:45:58:     at Object.<anonymous> (C:\Users\ikett\AppData\Roaming\npm\node_modules\pm2\lib\ProcessContainerFork.js:33:23) {
2025-10-28T19:45:58:   code: 'EADDRINUSE',
2025-10-28T19:45:58:   errno: -4091,
2025-10-28T19:45:58:   syscall: 'listen',
2025-10-28T19:45:58:   address: '::',
2025-10-28T19:45:58:   port: 8080
2025-10-28T19:45:58: }
2025-10-28T19:45:59: Error: listen EADDRINUSE: address already in use :::8080
2025-10-28T19:45:59:     at Server.setupListenHandle [as _listen2] (node:net:1940:16)
2025-10-28T19:45:59:     at listenInCluster (node:net:1997:12)
2025-10-28T19:45:59:     at Server.listen (node:net:2102:7)
2025-10-28T19:45:59:     at Function.listen (C:\Users\ikett\Kouluprojekti\fhir-api-backend\node_modules\express\lib\application.js:635:24)
2025-10-28T19:45:59:     at Object.<anonymous> (C:\Users\ikett\Kouluprojekti\fhir-api-backend\src\server.js:67:5)
2025-10-28T19:45:59:     at Module._compile (node:internal/modules/cjs/loader:1706:14)
2025-10-28T19:45:59:     at Object..js (node:internal/modules/cjs/loader:1839:10)
2025-10-28T19:45:59:     at Module.load (node:internal/modules/cjs/loader:1441:32)
2025-10-28T19:45:59:     at Function._load (node:internal/modules/cjs/loader:1263:12)
2025-10-28T19:45:59:     at Object.<anonymous> (C:\Users\ikett\AppData\Roaming\npm\node_modules\pm2\lib\ProcessContainerFork.js:33:23) {
2025-10-28T19:45:59:   code: 'EADDRINUSE',
2025-10-28T19:45:59:   errno: -4091,
2025-10-28T19:45:59:   syscall: 'listen',
2025-10-28T19:45:59:   address: '::',
2025-10-28T19:45:59:   port: 8080
2025-10-28T19:45:59: }
2025-10-28T19:45:59: Error: listen EADDRINUSE: address already in use :::8080
2025-10-28T19:45:59:     at Server.setupListenHandle [as _listen2] (node:net:1940:16)
2025-10-28T19:45:59:     at listenInCluster (node:net:1997:12)
2025-10-28T19:45:59:     at Server.listen (node:net:2102:7)
2025-10-28T19:45:59:     at Function.listen (C:\Users\ikett\Kouluprojekti\fhir-api-backend\node_modules\express\lib\application.js:635:24)
2025-10-28T19:45:59:     at Object.<anonymous> (C:\Users\ikett\Kouluprojekti\fhir-api-backend\src\server.js:67:5)
2025-10-28T19:45:59:     at Module._compile (node:internal/modules/cjs/loader:1706:14)
2025-10-28T19:45:59:     at Object..js (node:internal/modules/cjs/loader:1839:10)
2025-10-28T19:45:59:     at Module.load (node:internal/modules/cjs/loader:1441:32)
2025-10-28T19:45:59:     at Function._load (node:internal/modules/cjs/loader:1263:12)
2025-10-28T19:45:59:     at Object.<anonymous> (C:\Users\ikett\AppData\Roaming\npm\node_modules\pm2\lib\ProcessContainerFork.js:33:23) {
2025-10-28T19:45:59:   code: 'EADDRINUSE',
2025-10-28T19:45:59:   errno: -4091,
2025-10-28T19:45:59:   syscall: 'listen',
2025-10-28T19:45:59:   address: '::',
2025-10-28T19:45:59:   port: 8080
2025-10-28T19:45:59: }
2025-10-28T19:46:00: Error: listen EADDRINUSE: address already in use :::8080
2025-10-28T19:46:00:     at Server.setupListenHandle [as _listen2] (node:net:1940:16)
2025-10-28T19:46:00:     at listenInCluster (node:net:1997:12)
2025-10-28T19:46:00:     at Server.listen (node:net:2102:7)
2025-10-28T19:46:00:     at Function.listen (C:\Users\ikett\Kouluprojekti\fhir-api-backend\node_modules\express\lib\application.js:635:24)
2025-10-28T19:46:00:     at Object.<anonymous> (C:\Users\ikett\Kouluprojekti\fhir-api-backend\src\server.js:67:5)
2025-10-28T19:46:00:     at Module._compile (node:internal/modules/cjs/loader:1706:14)
2025-10-28T19:46:00:     at Object..js (node:internal/modules/cjs/loader:1839:10)
2025-10-28T19:46:00:     at Module.load (node:internal/modules/cjs/loader:1441:32)
2025-10-28T19:46:00:     at Function._load (node:internal/modules/cjs/loader:1263:12)
2025-10-28T19:46:00:     at Object.<anonymous> (C:\Users\ikett\AppData\Roaming\npm\node_modules\pm2\lib\ProcessContainerFork.js:33:23) {
2025-10-28T19:46:00:   code: 'EADDRINUSE',
2025-10-28T19:46:00:   errno: -4091,
2025-10-28T19:46:00:   syscall: 'listen',
2025-10-28T19:46:00:   address: '::',
2025-10-28T19:46:00:   port: 8080
2025-10-28T19:46:00: }
2025-10-28T19:46:00: Error: listen EADDRINUSE: address already in use :::8080
2025-10-28T19:46:00:     at Server.setupListenHandle [as _listen2] (node:net:1940:16)
2025-10-28T19:46:00:     at listenInCluster (node:net:1997:12)
2025-10-28T19:46:00:     at Server.listen (node:net:2102:7)
2025-10-28T19:46:00:     at Function.listen (C:\Users\ikett\Kouluprojekti\fhir-api-backend\node_modules\express\lib\application.js:635:24)
2025-10-28T19:46:00:     at Object.<anonymous> (C:\Users\ikett\Kouluprojekti\fhir-api-backend\src\server.js:67:5)
2025-10-28T19:46:00:     at Module._compile (node:internal/modules/cjs/loader:1706:14)
2025-10-28T19:46:00:     at Object..js (node:internal/modules/cjs/loader:1839:10)
2025-10-28T19:46:00:     at Module.load (node:internal/modules/cjs/loader:1441:32)
2025-10-28T19:46:00:     at Function._load (node:internal/modules/cjs/loader:1263:12)
2025-10-28T19:46:00:     at Object.<anonymous> (C:\Users\ikett\AppData\Roaming\npm\node_modules\pm2\lib\ProcessContainerFork.js:33:23) {
2025-10-28T19:46:00:   code: 'EADDRINUSE',
2025-10-28T19:46:00:   errno: -4091,
2025-10-28T19:46:00:   syscall: 'listen',
2025-10-28T19:46:00:   address: '::',
2025-10-28T19:46:00:   port: 8080
2025-10-28T19:46:00: }
2025-10-28T19:46:01: Error: listen EADDRINUSE: address already in use :::8080
2025-10-28T19:46:01:     at Server.setupListenHandle [as _listen2] (node:net:1940:16)
2025-10-28T19:46:01:     at listenInCluster (node:net:1997:12)
2025-10-28T19:46:01:     at Server.listen (node:net:2102:7)
2025-10-28T19:46:01:     at Function.listen (C:\Users\ikett\Kouluprojekti\fhir-api-backend\node_modules\express\lib\application.js:635:24)
2025-10-28T19:46:01:     at Object.<anonymous> (C:\Users\ikett\Kouluprojekti\fhir-api-backend\src\server.js:67:5)
2025-10-28T19:46:01:     at Module._compile (node:internal/modules/cjs/loader:1706:14)
2025-10-28T19:46:01:     at Object..js (node:internal/modules/cjs/loader:1839:10)
2025-10-28T19:46:01:     at Module.load (node:internal/modules/cjs/loader:1441:32)
2025-10-28T19:46:01:     at Function._load (node:internal/modules/cjs/loader:1263:12)
2025-10-28T19:46:01:     at Object.<anonymous> (C:\Users\ikett\AppData\Roaming\npm\node_modules\pm2\lib\ProcessContainerFork.js:33:23) {
2025-10-28T19:46:01:   code: 'EADDRINUSE',
2025-10-28T19:46:01:   errno: -4091,
2025-10-28T19:46:01:   syscall: 'listen',
2025-10-28T19:46:01:   address: '::',
2025-10-28T19:46:01:   port: 8080
2025-10-28T19:46:01: }
2025-10-28T19:46:01: Error: listen EADDRINUSE: address already in use :::8080
2025-10-28T19:46:01:     at Server.setupListenHandle [as _listen2] (node:net:1940:16)
2025-10-28T19:46:01:     at listenInCluster (node:net:1997:12)
2025-10-28T19:46:01:     at Server.listen (node:net:2102:7)
2025-10-28T19:46:01:     at Function.listen (C:\Users\ikett\Kouluprojekti\fhir-api-backend\node_modules\express\lib\application.js:635:24)
2025-10-28T19:46:01:     at Object.<anonymous> (C:\Users\ikett\Kouluprojekti\fhir-api-backend\src\server.js:67:5)
2025-10-28T19:46:01:     at Module._compile (node:internal/modules/cjs/loader:1706:14)
2025-10-28T19:46:01:     at Object..js (node:internal/modules/cjs/loader:1839:10)
2025-10-28T19:46:01:     at Module.load (node:internal/modules/cjs/loader:1441:32)
2025-10-28T19:46:01:     at Function._load (node:internal/modules/cjs/loader:1263:12)
2025-10-28T19:46:01:     at Object.<anonymous> (C:\Users\ikett\AppData\Roaming\npm\node_modules\pm2\lib\ProcessContainerFork.js:33:23) {
2025-10-28T19:46:01:   code: 'EADDRINUSE',
2025-10-28T19:46:01:   errno: -4091,
2025-10-28T19:46:01:   syscall: 'listen',
2025-10-28T19:46:01:   address: '::',
2025-10-28T19:46:01:   port: 8080
2025-10-28T19:46:01: }
2025-10-28T19:46:02: Error: listen EADDRINUSE: address already in use :::8080
2025-10-28T19:46:02:     at Server.setupListenHandle [as _listen2] (node:net:1940:16)
2025-10-28T19:46:02:     at listenInCluster (node:net:1997:12)
2025-10-28T19:46:02:     at Server.listen (node:net:2102:7)
2025-10-28T19:46:02:     at Function.listen (C:\Users\ikett\Kouluprojekti\fhir-api-backend\node_modules\express\lib\application.js:635:24)
2025-10-28T19:46:02:     at Object.<anonymous> (C:\Users\ikett\Kouluprojekti\fhir-api-backend\src\server.js:67:5)
2025-10-28T19:46:02:     at Module._compile (node:internal/modules/cjs/loader:1706:14)
2025-10-28T19:46:02:     at Object..js (node:internal/modules/cjs/loader:1839:10)
2025-10-28T19:46:02:     at Module.load (node:internal/modules/cjs/loader:1441:32)
2025-10-28T19:46:02:     at Function._load (node:internal/modules/cjs/loader:1263:12)
2025-10-28T19:46:02:     at Object.<anonymous> (C:\Users\ikett\AppData\Roaming\npm\node_modules\pm2\lib\ProcessContainerFork.js:33:23) {
2025-10-28T19:46:02:   code: 'EADDRINUSE',
2025-10-28T19:46:02:   errno: -4091,
2025-10-28T19:46:02:   syscall: 'listen',
2025-10-28T19:46:02:   address: '::',
2025-10-28T19:46:02:   port: 8080
2025-10-28T19:46:02: }
2025-10-28T19:46:03: Error: listen EADDRINUSE: address already in use :::8080
2025-10-28T19:46:03:     at Server.setupListenHandle [as _listen2] (node:net:1940:16)
2025-10-28T19:46:03:     at listenInCluster (node:net:1997:12)
2025-10-28T19:46:03:     at Server.listen (node:net:2102:7)
2025-10-28T19:46:03:     at Function.listen (C:\Users\ikett\Kouluprojekti\fhir-api-backend\node_modules\express\lib\application.js:635:24)
2025-10-28T19:46:03:     at Object.<anonymous> (C:\Users\ikett\Kouluprojekti\fhir-api-backend\src\server.js:67:5)
2025-10-28T19:46:03:     at Module._compile (node:internal/modules/cjs/loader:1706:14)
2025-10-28T19:46:03:     at Object..js (node:internal/modules/cjs/loader:1839:10)
2025-10-28T19:46:03:     at Module.load (node:internal/modules/cjs/loader:1441:32)
2025-10-28T19:46:03:     at Function._load (node:internal/modules/cjs/loader:1263:12)
2025-10-28T19:46:03:     at Object.<anonymous> (C:\Users\ikett\AppData\Roaming\npm\node_modules\pm2\lib\ProcessContainerFork.js:33:23) {
2025-10-28T19:46:03:   code: 'EADDRINUSE',
2025-10-28T19:46:03:   errno: -4091,
2025-10-28T19:46:03:   syscall: 'listen',
2025-10-28T19:46:03:   address: '::',
2025-10-28T19:46:03:   port: 8080
2025-10-28T19:46:03: }
2025-10-28T19:46:03: Error: listen EADDRINUSE: address already in use :::8080
2025-10-28T19:46:03:     at Server.setupListenHandle [as _listen2] (node:net:1940:16)
2025-10-28T19:46:03:     at listenInCluster (node:net:1997:12)
2025-10-28T19:46:03:     at Server.listen (node:net:2102:7)
2025-10-28T19:46:03:     at Function.listen (C:\Users\ikett\Kouluprojekti\fhir-api-backend\node_modules\express\lib\application.js:635:24)
2025-10-28T19:46:03:     at Object.<anonymous> (C:\Users\ikett\Kouluprojekti\fhir-api-backend\src\server.js:67:5)
2025-10-28T19:46:03:     at Module._compile (node:internal/modules/cjs/loader:1706:14)
2025-10-28T19:46:03:     at Object..js (node:internal/modules/cjs/loader:1839:10)
2025-10-28T19:46:03:     at Module.load (node:internal/modules/cjs/loader:1441:32)
2025-10-28T19:46:03:     at Function._load (node:internal/modules/cjs/loader:1263:12)
2025-10-28T19:46:03:     at Object.<anonymous> (C:\Users\ikett\AppData\Roaming\npm\node_modules\pm2\lib\ProcessContainerFork.js:33:23) {
2025-10-28T19:46:03:   code: 'EADDRINUSE',
2025-10-28T19:46:03:   errno: -4091,
2025-10-28T19:46:03:   syscall: 'listen',
2025-10-28T19:46:03:   address: '::',
2025-10-28T19:46:03:   port: 8080
2025-10-28T19:46:03: }
2025-10-28T19:46:04: Error: listen EADDRINUSE: address already in use :::8080
2025-10-28T19:46:04:     at Server.setupListenHandle [as _listen2] (node:net:1940:16)
2025-10-28T19:46:04:     at listenInCluster (node:net:1997:12)
2025-10-28T19:46:04:     at Server.listen (node:net:2102:7)
2025-10-28T19:46:04:     at Function.listen (C:\Users\ikett\Kouluprojekti\fhir-api-backend\node_modules\express\lib\application.js:635:24)
2025-10-28T19:46:04:     at Object.<anonymous> (C:\Users\ikett\Kouluprojekti\fhir-api-backend\src\server.js:67:5)
2025-10-28T19:46:04:     at Module._compile (node:internal/modules/cjs/loader:1706:14)
2025-10-28T19:46:04:     at Object..js (node:internal/modules/cjs/loader:1839:10)
2025-10-28T19:46:04:     at Module.load (node:internal/modules/cjs/loader:1441:32)
2025-10-28T19:46:04:     at Function._load (node:internal/modules/cjs/loader:1263:12)
2025-10-28T19:46:04:     at Object.<anonymous> (C:\Users\ikett\AppData\Roaming\npm\node_modules\pm2\lib\ProcessContainerFork.js:33:23) {
2025-10-28T19:46:04:   code: 'EADDRINUSE',
2025-10-28T19:46:04:   errno: -4091,
2025-10-28T19:46:04:   syscall: 'listen',
2025-10-28T19:46:04:   address: '::',
2025-10-28T19:46:04:   port: 8080
2025-10-28T19:46:04: }
2025-10-28T19:46:04: Error: listen EADDRINUSE: address already in use :::8080
2025-10-28T19:46:04:     at Server.setupListenHandle [as _listen2] (node:net:1940:16)
2025-10-28T19:46:04:     at listenInCluster (node:net:1997:12)
2025-10-28T19:46:04:     at Server.listen (node:net:2102:7)
2025-10-28T19:46:04:     at Function.listen (C:\Users\ikett\Kouluprojekti\fhir-api-backend\node_modules\express\lib\application.js:635:24)
2025-10-28T19:46:04:     at Object.<anonymous> (C:\Users\ikett\Kouluprojekti\fhir-api-backend\src\server.js:67:5)
2025-10-28T19:46:04:     at Module._compile (node:internal/modules/cjs/loader:1706:14)
2025-10-28T19:46:04:     at Object..js (node:internal/modules/cjs/loader:1839:10)
2025-10-28T19:46:04:     at Module.load (node:internal/modules/cjs/loader:1441:32)
2025-10-28T19:46:04:     at Function._load (node:internal/modules/cjs/loader:1263:12)
2025-10-28T19:46:04:     at Object.<anonymous> (C:\Users\ikett\AppData\Roaming\npm\node_modules\pm2\lib\ProcessContainerFork.js:33:23) {
2025-10-28T19:46:04:   code: 'EADDRINUSE',
2025-10-28T19:46:04:   errno: -4091,
2025-10-28T19:46:04:   syscall: 'listen',
2025-10-28T19:46:04:   address: '::',
2025-10-28T19:46:04:   port: 8080
2025-10-28T19:46:04: }
2025-10-28T19:46:05: Error: listen EADDRINUSE: address already in use :::8080
2025-10-28T19:46:05:     at Server.setupListenHandle [as _listen2] (node:net:1940:16)
2025-10-28T19:46:05:     at listenInCluster (node:net:1997:12)
2025-10-28T19:46:05:     at Server.listen (node:net:2102:7)
2025-10-28T19:46:05:     at Function.listen (C:\Users\ikett\Kouluprojekti\fhir-api-backend\node_modules\express\lib\application.js:635:24)
2025-10-28T19:46:05:     at Object.<anonymous> (C:\Users\ikett\Kouluprojekti\fhir-api-backend\src\server.js:67:5)
2025-10-28T19:46:05:     at Module._compile (node:internal/modules/cjs/loader:1706:14)
2025-10-28T19:46:05:     at Object..js (node:internal/modules/cjs/loader:1839:10)
2025-10-28T19:46:05:     at Module.load (node:internal/modules/cjs/loader:1441:32)
2025-10-28T19:46:05:     at Function._load (node:internal/modules/cjs/loader:1263:12)
2025-10-28T19:46:05:     at Object.<anonymous> (C:\Users\ikett\AppData\Roaming\npm\node_modules\pm2\lib\ProcessContainerFork.js:33:23) {
2025-10-28T19:46:05:   code: 'EADDRINUSE',
2025-10-28T19:46:05:   errno: -4091,
2025-10-28T19:46:05:   syscall: 'listen',
2025-10-28T19:46:05:   address: '::',
2025-10-28T19:46:05:   port: 8080
2025-10-28T19:46:05: }
2025-10-28T19:46:05: Error: listen EADDRINUSE: address already in use :::8080
2025-10-28T19:46:05:     at Server.setupListenHandle [as _listen2] (node:net:1940:16)
2025-10-28T19:46:05:     at listenInCluster (node:net:1997:12)
2025-10-28T19:46:05:     at Server.listen (node:net:2102:7)
2025-10-28T19:46:05:     at Function.listen (C:\Users\ikett\Kouluprojekti\fhir-api-backend\node_modules\express\lib\application.js:635:24)
2025-10-28T19:46:05:     at Object.<anonymous> (C:\Users\ikett\Kouluprojekti\fhir-api-backend\src\server.js:67:5)
2025-10-28T19:46:05:     at Module._compile (node:internal/modules/cjs/loader:1706:14)
2025-10-28T19:46:05:     at Object..js (node:internal/modules/cjs/loader:1839:10)
2025-10-28T19:46:05:     at Module.load (node:internal/modules/cjs/loader:1441:32)
2025-10-28T19:46:05:     at Function._load (node:internal/modules/cjs/loader:1263:12)
2025-10-28T19:46:05:     at Object.<anonymous> (C:\Users\ikett\AppData\Roaming\npm\node_modules\pm2\lib\ProcessContainerFork.js:33:23) {
2025-10-28T19:46:05:   code: 'EADDRINUSE',
2025-10-28T19:46:05:   errno: -4091,
2025-10-28T19:46:05:   syscall: 'listen',
2025-10-28T19:46:05:   address: '::',
2025-10-28T19:46:05:   port: 8080
2025-10-28T19:46:05: }
